# JRE version: Java(TM) SE Runtime Environment (7.0_60-b19) (build 1.7.0_60-b19)
# Java VM: Java HotSpot(TM) 64-Bit Server VM (24.60-b09 mixed mode windows-amd64 compressed oops)
Heap
 PSYoungGen      total 141312K, used 28101K [0x00000007d5e80000, 0x00000007e7c80000, 0x0000000800000000)
  eden space 130560K, 13% used [0x00000007d5e80000,0x00000007d6f726d0,0x00000007dde00000)
  from space 10752K, 99% used [0x00000007dde00000,0x00000007de87ed38,0x00000007de880000)
  to   space 15872K, 0% used [0x00000007e6d00000,0x00000007e6d00000,0x00000007e7c80000)
 ParOldGen       total 86016K, used 14277K [0x0000000781c00000, 0x0000000787000000, 0x00000007d5e80000)
  object space 86016K, 16% used [0x0000000781c00000,0x00000007829f1680,0x0000000787000000)
 PSPermGen       total 38400K, used 38099K [0x000000077ca00000, 0x000000077ef80000, 0x0000000781c00000)
  object space 38400K, 99% used [0x000000077ca00000,0x000000077ef34cc8,0x000000077ef80000)
GC Heap History (10 events):
Event: 2.445 GC heap before
{Heap before GC invocations=3 (full 0):
 PSYoungGen      total 38400K, used 38381K [0x00000007d5e80000, 0x00000007d8900000, 0x0000000800000000)
  eden space 33280K, 100% used [0x00000007d5e80000,0x00000007d7f00000,0x00000007d7f00000)
  from space 5120K, 99% used [0x00000007d8400000,0x00000007d88fb648,0x00000007d8900000)
  to   space 5120K, 0% used [0x00000007d7f00000,0x00000007d7f00000,0x00000007d8400000)
 ParOldGen       total 86016K, used 692K [0x0000000781c00000, 0x0000000787000000, 0x00000007d5e80000)
  object space 86016K, 0% used [0x0000000781c00000,0x0000000781cad2c0,0x0000000787000000)
 PSPermGen       total 21504K, used 13597K [0x000000077ca00000, 0x000000077df00000, 0x0000000781c00000)
  object space 21504K, 63% used [0x000000077ca00000,0x000000077d747440,0x000000077df00000)
Event: 2.456 GC heap after
Heap after GC invocations=3 (full 0):
 PSYoungGen      total 38400K, used 5117K [0x00000007d5e80000, 0x00000007da980000, 0x0000000800000000)
  eden space 33280K, 0% used [0x00000007d5e80000,0x00000007d5e80000,0x00000007d7f00000)
  from space 5120K, 99% used [0x00000007d7f00000,0x00000007d83ff6c8,0x00000007d8400000)
  to   space 5120K, 0% used [0x00000007da480000,0x00000007da480000,0x00000007da980000)
 ParOldGen       total 86016K, used 1301K [0x0000000781c00000, 0x0000000787000000, 0x00000007d5e80000)
  object space 86016K, 1% used [0x0000000781c00000,0x0000000781d45730,0x0000000787000000)
 PSPermGen       total 21504K, used 13597K [0x000000077ca00000, 0x000000077df00000, 0x0000000781c00000)
  object space 21504K, 63% used [0x000000077ca00000,0x000000077d747440,0x000000077df00000)
}
Event: 3.033 GC heap before
{Heap before GC invocations=4 (full 0):
 PSYoungGen      total 38400K, used 38397K [0x00000007d5e80000, 0x00000007da980000, 0x0000000800000000)
  eden space 33280K, 100% used [0x00000007d5e80000,0x00000007d7f00000,0x00000007d7f00000)
  from space 5120K, 99% used [0x00000007d7f00000,0x00000007d83ff6c8,0x00000007d8400000)
  to   space 5120K, 0% used [0x00000007da480000,0x00000007da480000,0x00000007da980000)
 ParOldGen       total 86016K, used 1301K [0x0000000781c00000, 0x0000000787000000, 0x00000007d5e80000)
  object space 86016K, 1% used [0x0000000781c00000,0x0000000781d45730,0x0000000787000000)
 PSPermGen       total 21504K, used 14882K [0x000000077ca00000, 0x000000077df00000, 0x0000000781c00000)
  object space 21504K, 69% used [0x000000077ca00000,0x000000077d8888b8,0x000000077df00000)
Event: 3.042 GC heap after
Heap after GC invocations=4 (full 0):
 PSYoungGen      total 71680K, used 5101K [0x00000007d5e80000, 0x00000007da980000, 0x0000000800000000)
  eden space 66560K, 0% used [0x00000007d5e80000,0x00000007d5e80000,0x00000007d9f80000)
  from space 5120K, 99% used [0x00000007da480000,0x00000007da97b6f8,0x00000007da980000)
  to   space 5120K, 0% used [0x00000007d9f80000,0x00000007d9f80000,0x00000007da480000)
 ParOldGen       total 86016K, used 1301K [0x0000000781c00000, 0x0000000787000000, 0x00000007d5e80000)
  object space 86016K, 1% used [0x0000000781c00000,0x0000000781d45730,0x0000000787000000)
 PSPermGen       total 21504K, used 14882K [0x000000077ca00000, 0x000000077df00000, 0x0000000781c00000)
  object space 21504K, 69% used [0x000000077ca00000,0x000000077d8888b8,0x000000077df00000)
}
Event: 3.752 GC heap before
{Heap before GC invocations=5 (full 0):
 PSYoungGen      total 71680K, used 71661K [0x00000007d5e80000, 0x00000007da980000, 0x0000000800000000)
  eden space 66560K, 100% used [0x00000007d5e80000,0x00000007d9f80000,0x00000007d9f80000)
  from space 5120K, 99% used [0x00000007da480000,0x00000007da97b6f8,0x00000007da980000)
  to   space 5120K, 0% used [0x00000007d9f80000,0x00000007d9f80000,0x00000007da480000)
 ParOldGen       total 86016K, used 1301K [0x0000000781c00000, 0x0000000787000000, 0x00000007d5e80000)
  object space 86016K, 1% used [0x0000000781c00000,0x0000000781d45730,0x0000000787000000)
 PSPermGen       total 21504K, used 19484K [0x000000077ca00000, 0x000000077df00000, 0x0000000781c00000)
  object space 21504K, 90% used [0x000000077ca00000,0x000000077dd070b0,0x000000077df00000)
Event: 3.767 GC heap after
Heap after GC invocations=5 (full 0):
 PSYoungGen      total 71680K, used 5113K [0x00000007d5e80000, 0x00000007df080000, 0x0000000800000000)
  eden space 66560K, 0% used [0x00000007d5e80000,0x00000007d5e80000,0x00000007d9f80000)
  from space 5120K, 99% used [0x00000007d9f80000,0x00000007da47e498,0x00000007da480000)
  to   space 8192K, 0% used [0x00000007de880000,0x00000007de880000,0x00000007df080000)
 ParOldGen       total 86016K, used 4222K [0x0000000781c00000, 0x0000000787000000, 0x00000007d5e80000)
  object space 86016K, 4% used [0x0000000781c00000,0x000000078201f858,0x0000000787000000)
 PSPermGen       total 21504K, used 19484K [0x000000077ca00000, 0x000000077df00000, 0x0000000781c00000)
  object space 21504K, 90% used [0x000000077ca00000,0x000000077dd070b0,0x000000077df00000)
}
Event: 4.610 GC heap before
{Heap before GC invocations=6 (full 0):
 PSYoungGen      total 71680K, used 71673K [0x00000007d5e80000, 0x00000007df080000, 0x0000000800000000)
  eden space 66560K, 100% used [0x00000007d5e80000,0x00000007d9f80000,0x00000007d9f80000)
  from space 5120K, 99% used [0x00000007d9f80000,0x00000007da47e498,0x00000007da480000)
  to   space 8192K, 0% used [0x00000007de880000,0x00000007de880000,0x00000007df080000)
 ParOldGen       total 86016K, used 4222K [0x0000000781c00000, 0x0000000787000000, 0x00000007d5e80000)
  object space 86016K, 4% used [0x0000000781c00000,0x000000078201f858,0x0000000787000000)
 PSPermGen       total 27648K, used 27231K [0x000000077ca00000, 0x000000077e500000, 0x0000000781c00000)
  object space 27648K, 98% used [0x000000077ca00000,0x000000077e497fc0,0x000000077e500000)
Event: 4.626 GC heap after
Heap after GC invocations=6 (full 0):
 PSYoungGen      total 138752K, used 8184K [0x00000007d5e80000, 0x00000007df580000, 0x0000000800000000)
  eden space 130560K, 0% used [0x00000007d5e80000,0x00000007d5e80000,0x00000007dde00000)
  from space 8192K, 99% used [0x00000007de880000,0x00000007df07e290,0x00000007df080000)
  to   space 10752K, 0% used [0x00000007dde00000,0x00000007dde00000,0x00000007de880000)
 ParOldGen       total 86016K, used 7635K [0x0000000781c00000, 0x0000000787000000, 0x00000007d5e80000)
  object space 86016K, 8% used [0x0000000781c00000,0x0000000782374fe0,0x0000000787000000)
 PSPermGen       total 27648K, used 27231K [0x000000077ca00000, 0x000000077e500000, 0x0000000781c00000)
  object space 27648K, 98% used [0x000000077ca00000,0x000000077e497fc0,0x000000077e500000)
}
Event: 6.415 GC heap before
{Heap before GC invocations=7 (full 0):
 PSYoungGen      total 138752K, used 138744K [0x00000007d5e80000, 0x00000007df580000, 0x0000000800000000)
  eden space 130560K, 100% used [0x00000007d5e80000,0x00000007dde00000,0x00000007dde00000)
  from space 8192K, 99% used [0x00000007de880000,0x00000007df07e290,0x00000007df080000)
  to   space 10752K, 0% used [0x00000007dde00000,0x00000007dde00000,0x00000007de880000)
 ParOldGen       total 86016K, used 7635K [0x0000000781c00000, 0x0000000787000000, 0x00000007d5e80000)
  object space 86016K, 8% used [0x0000000781c00000,0x0000000782374fe0,0x0000000787000000)
 PSPermGen       total 37888K, used 37578K [0x000000077ca00000, 0x000000077ef00000, 0x0000000781c00000)
  object space 37888K, 99% used [0x000000077ca00000,0x000000077eeb2858,0x000000077ef00000)
Event: 6.444 GC heap after
Heap after GC invocations=7 (full 0):
 PSYoungGen      total 141312K, used 10747K [0x00000007d5e80000, 0x00000007e7c80000, 0x0000000800000000)
  eden space 130560K, 0% used [0x00000007d5e80000,0x00000007d5e80000,0x00000007dde00000)
  from space 10752K, 99% used [0x00000007dde00000,0x00000007de87ed38,0x00000007de880000)
  to   space 15872K, 0% used [0x00000007e6d00000,0x00000007e6d00000,0x00000007e7c80000)
 ParOldGen       total 86016K, used 14277K [0x0000000781c00000, 0x0000000787000000, 0x00000007d5e80000)
  object space 86016K, 16% used [0x0000000781c00000,0x00000007829f1680,0x0000000787000000)
 PSPermGen       total 37888K, used 37578K [0x000000077ca00000, 0x000000077ef00000, 0x0000000781c00000)
  object space 37888K, 99% used [0x000000077ca00000,0x000000077eeb2858,0x000000077ef00000)
}

